<?xml version="1.0" encoding="UTF-8"?>
<!-- Generated by org.testng.reporters.JUnitReportReporter -->
<testsuite hostname="DESKTOP-8KFKMLI" failures="0" tests="1" name="canadadrive.SmokeFlow" time="29.323" errors="0" timestamp="2022-03-06T14:27:32 IST" skipped="0">
  <testcase classname="canadadrive.SmokeFlow" name="sampleFlow" time="29.323"/>
  <system-out/>
</testsuite> <!-- canadadrive.SmokeFlow -->
